#
# A fatal error has been detected by the Java Runtime Environment:
#
#  Internal Error (os_windows_x86.cpp:114), pid=4700, tid=4692
#  Error: guarantee(result == -1,"Unexpected result from topLevelExceptionFilter")
#
# JRE version: 6.0_17-b04
# Java VM: Java HotSpot(TM) 64-Bit Server VM (14.3-b01 mixed mode windows-amd64 )
# If you would like to submit a bug report, please visit:
#   http://java.sun.com/webapps/bugreport/crash.jsp
# The crash happened outside the Java Virtual Machine in native code.
# See problematic frame for where to report the bug.
#

---------------  T H R E A D  ---------------

Current thread (0x000000000505f000):  JavaThread "main" [_thread_in_native, id=4692, stack(0x0000000000210000,0x0000000004210000)]

Stack: [0x0000000000210000,0x0000000004210000]
[error occurred during error reporting (printing stack bounds), id 0xc0000005]

Java frames: (J=compiled Java code, j=interpreted, Vv=VM code)
j  com.mathworks.jmi.NativeMatlab.ProcessPendingEvents()Z+0
j  com.mathworks.jmi.NativeMatlab.processPendingEvents()Z+8
j  com.mathworks.jmi.Matlab$ProcessPendingEvents.callBooleanMethod(Ljava/lang/Object;)Z+0
j  com.mathworks.util.FactoryUtils.processPendingEvents()Z+12
j  com.mathworks.widgets.desk.Desktop.canClose()Z+38
j  com.mathworks.mde.desk.MLDesktop.canClose()Z+113
j  com.mathworks.mde.desk.MLDesktop$2.call()Ljava/lang/Boolean;+4
j  com.mathworks.mde.desk.MLDesktop$2.call()Ljava/lang/Object;+1
j  com.mathworks.jmi.Matlab.isOkToExit()Z+54
v  ~StubRoutines::call_stub
j  com.mathworks.jmi.NativeMatlab.SendMatlabMessage(Ljava/lang/Object;)Ljava/lang/Object;+0
j  com.mathworks.jmi.NativeMatlab.sendMatlabMessage(Ljava/lang/Object;)Ljava/lang/Object;+22
j  com.mathworks.jmi.MatlabLooper.sendMatlabMessage(Lcom/mathworks/services/message/MWMessage;)Ljava/lang/Object;+20
j  com.mathworks.jmi.Matlab.mtFevalConsoleOutput(Ljava/lang/String;[Ljava/lang/Object;I)Ljava/lang/Object;+58
j  com.mathworks.mde.desk.MLDesktop$9.run()V+14
j  com.mathworks.jmi.NativeMatlab.dispatchMTRequests(Z)V+57
v  ~StubRoutines::call_stub

---------------  P R O C E S S  ---------------

Java Threads: ( => current thread )
  0x000000000efcb800 JavaThread "Active Reference Queue Daemon" daemon [_thread_blocked, id=1132, stack(0x0000000026b60000,0x0000000026be0000)]
  0x000000000efcb000 JavaThread "Timer-207" daemon [_thread_blocked, id=5748, stack(0x000000000ff00000,0x000000000ff80000)]
  0x000000000efcf000 JavaThread "Prefs Updater" daemon [_thread_blocked, id=5852, stack(0x00000000269f0000,0x0000000026a70000)]
  0x000000000efca000 JavaThread "Timer-9" daemon [_thread_blocked, id=4772, stack(0x000000004cc80000,0x000000004cd00000)]
  0x000000000efc8800 JavaThread "Explorer NavigationContext request queue" [_thread_blocked, id=1060, stack(0x0000000048bf0000,0x0000000048c70000)]
  0x000000000efc7000 JavaThread "AddressBar directory emptiness poller" [_thread_blocked, id=5900, stack(0x0000000019190000,0x0000000019210000)]
  0x000000000efc5800 JavaThread "Timer-1" [_thread_blocked, id=836, stack(0x000000000ff80000,0x0000000010000000)]
  0x000000000efc5000 JavaThread "TimerQueue" daemon [_thread_blocked, id=1480, stack(0x0000000021260000,0x00000000212e0000)]
  0x000000000efc4800 JavaThread "AWT-EventQueue-0" [_thread_blocked, id=2068, stack(0x00000000150f0000,0x0000000015170000)]
  0x000000000efc3800 JavaThread "AWT-Shutdown" [_thread_blocked, id=5976, stack(0x0000000015050000,0x00000000150d0000)]
  0x000000000efc3000 JavaThread "FelixPackageAdmin" daemon [_thread_blocked, id=6000, stack(0x000000000f920000,0x000000000f9a0000)]
  0x000000000efc2000 JavaThread "FelixStartLevel" daemon [_thread_blocked, id=5932, stack(0x000000000fb90000,0x000000000fc10000)]
  0x000000000efc1800 JavaThread "FelixDispatchQueue" daemon [_thread_blocked, id=4932, stack(0x0000000010e90000,0x0000000010f10000)]
  0x000000000eb8b000 JavaThread "com.google.common.base.internal.Finalizer" daemon [_thread_blocked, id=5864, stack(0x000000000fe20000,0x000000000fea0000)]
  0x000000000edbc800 JavaThread "AWT-Windows" daemon [_thread_in_native, id=5692, stack(0x000000000fa40000,0x000000000fac0000)]
  0x000000000edb9000 JavaThread "Java2D Disposer" daemon [_thread_blocked, id=4436, stack(0x000000000f9a0000,0x000000000fa20000)]
  0x000000000e8ed000 JavaThread "Timer-0" [_thread_blocked, id=3596, stack(0x000000000f790000,0x000000000f810000)]
  0x000000000e7eb000 JavaThread "EventMgr Dispatcher" daemon [_thread_in_native, id=1092, stack(0x0000000010fb0000,0x0000000014fb0000)]
  0x000000000d6d1800 JavaThread "Low Memory Detector" daemon [_thread_blocked, id=1288, stack(0x000000000d7d0000,0x000000000d850000)]
  0x000000000d6c6000 JavaThread "CompilerThread1" daemon [_thread_blocked, id=4680, stack(0x00000000590d0000,0x000000005d0d0000)]
  0x000000000d6bf800 JavaThread "CompilerThread0" daemon [_thread_blocked, id=4804, stack(0x0000000054f90000,0x0000000058f90000)]
  0x000000000d6be000 JavaThread "Attach Listener" daemon [_thread_blocked, id=780, stack(0x000000000db20000,0x000000000dba0000)]
  0x000000000d66b800 JavaThread "Finalizer" daemon [_thread_blocked, id=5640, stack(0x000000000d890000,0x000000000d910000)]
  0x000000000d665800 JavaThread "Reference Handler" daemon [_thread_blocked, id=5464, stack(0x000000000d990000,0x000000000da10000)]
=>0x000000000505f000 JavaThread "main" [_thread_in_native, id=4692, stack(0x0000000000210000,0x0000000004210000)]

Other Threads:
  0x000000000d662000 VMThread [stack: 0x0000000050e40000,0x0000000054e40000] [id=1032]
  0x000000000d6ff800 WatcherThread [stack: 0x000000005d280000,0x0000000061280000] [id=2228]

VM state:not at safepoint (normal execution)

VM Mutex/Monitor currently owned by a thread: None

Heap
 PSYoungGen      total 18688K, used 8730K [0x000000003d720000, 0x000000003eb00000, 0x0000000040820000)
  eden space 17792K, 46% used [0x000000003d720000,0x000000003df2e838,0x000000003e880000)
  from space 896K, 53% used [0x000000003ea20000,0x000000003ea98000,0x000000003eb00000)
  to   space 1280K, 0% used [0x000000003e880000,0x000000003e880000,0x000000003e9c0000)
 PSOldGen        total 66560K, used 51515K [0x0000000034420000, 0x0000000038520000, 0x000000003d720000)
  object space 66560K, 77% used [0x0000000034420000,0x000000003766efb0,0x0000000038520000)
 PSPermGen       total 118144K, used 62580K [0x000000002c420000, 0x0000000033780000, 0x0000000034420000)
  object space 118144K, 52% used [0x000000002c420000,0x000000003013d3a0,0x0000000033780000)

Dynamic libraries:
0x000000013f5c0000 - 0x000000013f5f2000 	C:\Program Files\MATLAB\R2012a\bin\win64\MATLAB.exe
0x00000000777a0000 - 0x0000000077949000 	C:\Windows\SYSTEM32\ntdll.dll
0x0000000077370000 - 0x000000007748f000 	C:\Windows\system32\kernel32.dll
0x000007fefdcd0000 - 0x000007fefdd3c000 	C:\Windows\system32\KERNELBASE.dll
0x0000000074460000 - 0x0000000074554000 	C:\Program Files\MATLAB\R2012a\bin\win64\libut.dll
0x00000000758a0000 - 0x0000000075952000 	C:\Program Files\MATLAB\R2012a\bin\win64\libmwi18n.dll
0x0000000180000000 - 0x000000018000b000 	C:\Program Files\MATLAB\R2012a\bin\win64\libmwresource_core.dll
0x00000000721b0000 - 0x0000000072283000 	C:\Windows\WinSxS\amd64_microsoft.vc90.crt_1fc8b3b9a1e18e3b_9.0.30729.6161_none_08e61857a83bc251\MSVCP90.dll
0x0000000072290000 - 0x0000000072333000 	C:\Windows\WinSxS\amd64_microsoft.vc90.crt_1fc8b3b9a1e18e3b_9.0.30729.6161_none_08e61857a83bc251\MSVCR90.dll
0x000000007a170000 - 0x000000007a19c000 	C:\Program Files\MATLAB\R2012a\bin\win64\boost_filesystem-vc90-mt-1_44.dll
0x000000007a560000 - 0x000000007a569000 	C:\Program Files\MATLAB\R2012a\bin\win64\boost_system-vc90-mt-1_44.dll
0x000007feff9d0000 - 0x000007feffaab000 	C:\Windows\system32\ADVAPI32.dll
0x000007feff1e0000 - 0x000007feff27f000 	C:\Windows\system32\msvcrt.dll
0x000007feff640000 - 0x000007feff65f000 	C:\Windows\SYSTEM32\sechost.dll
0x000007fefeed0000 - 0x000007fefeffd000 	C:\Windows\system32\RPCRT4.dll
0x000000007a010000 - 0x000000007a035000 	C:\Program Files\MATLAB\R2012a\bin\win64\LIBEXPAT.dll
0x00000000687c0000 - 0x00000000689b1000 	C:\Program Files\MATLAB\R2012a\bin\win64\icuin44.dll
0x0000000066270000 - 0x00000000663e1000 	C:\Program Files\MATLAB\R2012a\bin\win64\icuuc44.dll
0x0000000010000000 - 0x0000000010e41000 	C:\Program Files\MATLAB\R2012a\bin\win64\icudt44.dll
0x0000000073f70000 - 0x00000000740ad000 	C:\Program Files\MATLAB\R2012a\bin\win64\libmwfl.dll
0x00000000044f0000 - 0x00000000047e6000 	C:\Program Files\MATLAB\R2012a\bin\win64\libmwMATLAB_res.dll
0x000000007a3b0000 - 0x000000007a3c0000 	C:\Program Files\MATLAB\R2012a\bin\win64\boost_date_time-vc90-mt-1_44.dll
0x000000007a250000 - 0x000000007a263000 	C:\Program Files\MATLAB\R2012a\bin\win64\boost_signals-vc90-mt-1_44.dll
0x000000007a2d0000 - 0x000000007a2e2000 	C:\Program Files\MATLAB\R2012a\bin\win64\boost_thread-vc90-mt-1_44.dll
0x0000000000190000 - 0x00000000001d6000 	C:\Program Files\MATLAB\R2012a\bin\win64\tbb.dll
0x000007fefdfd0000 - 0x000007fefdfe9000 	C:\Windows\system32\imagehlp.dll
0x0000000077970000 - 0x0000000077977000 	C:\Windows\system32\PSAPI.DLL
0x0000000068e70000 - 0x0000000068e83000 	C:\Program Files\MATLAB\R2012a\bin\win64\icuio44.dll
0x000007fef8eb0000 - 0x000007fef8fd5000 	C:\Windows\system32\dbghelp.dll
0x0000000077490000 - 0x000000007758a000 	C:\Windows\system32\USER32.dll
0x000007feff280000 - 0x000007feff2e7000 	C:\Windows\system32\GDI32.dll
0x000007feff5b0000 - 0x000007feff5be000 	C:\Windows\system32\LPK.dll
0x000007feff7e0000 - 0x000007feff8a9000 	C:\Windows\system32\USP10.dll
0x000000007bed0000 - 0x000000007c183000 	C:\Program Files\MATLAB\R2012a\bin\win64\libmwservices.dll
0x0000000075a20000 - 0x0000000075ae2000 	C:\Program Files\MATLAB\R2012a\bin\win64\libmx.dll
0x000000007a210000 - 0x000000007a228000 	C:\Program Files\MATLAB\R2012a\bin\win64\zlib1.dll
0x0000000004230000 - 0x0000000004251000 	C:\Program Files\MATLAB\R2012a\bin\win64\libmwmfl_scalar.dll
0x0000000075f10000 - 0x0000000075f5d000 	C:\Program Files\MATLAB\R2012a\bin\win64\mpath.dll
0x000000007b680000 - 0x000000007bbe1000 	C:\Program Files\MATLAB\R2012a\bin\win64\mlutil.dll
0x0000000068740000 - 0x00000000687bf000 	C:\Program Files\MATLAB\R2012a\bin\win64\xmlcore.dll
0x000000007bc30000 - 0x000000007be83000 	C:\Program Files\MATLAB\R2012a\bin\win64\xerces-c_2_7.dll
0x000007feff500000 - 0x000007feff54d000 	C:\Windows\system32\WS2_32.dll
0x000007feff9c0000 - 0x000007feff9c8000 	C:\Windows\system32\NSI.dll
0x00000000042b0000 - 0x00000000042ca000 	C:\Program Files\MATLAB\R2012a\bin\win64\libmwMATLAB_settings_res.dll
0x00000000042e0000 - 0x0000000004327000 	C:\Program Files\MATLAB\R2012a\bin\win64\boost_serialization-vc90-mt-1_44.dll
0x000007fefe140000 - 0x000007fefeec8000 	C:\Windows\system32\SHELL32.dll
0x000007fefe0c0000 - 0x000007fefe131000 	C:\Windows\system32\SHLWAPI.dll
0x000007fef9d60000 - 0x000007fef9e00000 	C:\Windows\WinSxS\amd64_microsoft.windows.common-controls_6595b64144ccf1df_5.82.7601.17514_none_a4d6a923711520a9\COMCTL32.dll
0x000007fefe020000 - 0x000007fefe0b7000 	C:\Windows\system32\COMDLG32.dll
0x000007fefbba0000 - 0x000007fefbbb6000 	C:\Windows\system32\NETAPI32.dll
0x000007fefbb90000 - 0x000007fefbb9c000 	C:\Windows\system32\netutils.dll
0x000007fefd750000 - 0x000007fefd773000 	C:\Windows\system32\srvcli.dll
0x000007fefbb70000 - 0x000007fefbb85000 	C:\Windows\system32\wkscli.dll
0x000007feff2f0000 - 0x000007feff4f3000 	C:\Windows\system32\ole32.dll
0x000007feff660000 - 0x000007feff737000 	C:\Windows\system32\OLEAUT32.dll
0x0000000074970000 - 0x0000000074b06000 	C:\Program Files\MATLAB\R2012a\bin\win64\mcr.dll
0x0000000075000000 - 0x000000007536b000 	C:\Program Files\MATLAB\R2012a\bin\win64\iqm.dll
0x0000000064c10000 - 0x0000000065431000 	C:\Program Files\MATLAB\R2012a\bin\win64\m_interpreter.dll
0x0000000068e40000 - 0x0000000068e65000 	C:\Program Files\MATLAB\R2012a\bin\win64\libmex.dll
0x0000000068610000 - 0x00000000686c3000 	C:\Program Files\MATLAB\R2012a\bin\win64\m_dispatcher.dll
0x0000000074880000 - 0x000000007496d000 	C:\Program Files\MATLAB\R2012a\bin\win64\boost_regex-vc90-mt-1_44.dll
0x00000000661e0000 - 0x0000000066264000 	C:\Program Files\MATLAB\R2012a\bin\win64\profiler.dll
0x00000000047f0000 - 0x0000000004a45000 	C:\Program Files\MATLAB\R2012a\bin\win64\libmwmathutil.dll
0x0000000079f40000 - 0x0000000079f6d000 	C:\Program Files\MATLAB\R2012a\bin\win64\libmwmathrng.dll
0x0000000074c10000 - 0x0000000074ced000 	C:\Program Files\MATLAB\R2012a\bin\win64\libmwmathcore.dll
0x0000000076160000 - 0x00000000761cb000 	C:\Program Files\MATLAB\R2012a\bin\win64\libmwspmatrix.dll
0x0000000075ea0000 - 0x0000000075f02000 	C:\Program Files\MATLAB\R2012a\bin\win64\libmwcholmod.dll
0x000000007a460000 - 0x000000007a46d000 	C:\Program Files\MATLAB\R2012a\bin\win64\libmwamd.dll
0x000000007a4b0000 - 0x000000007a4bc000 	C:\Program Files\MATLAB\R2012a\bin\win64\libmwcolamd.dll
0x0000000068e10000 - 0x0000000068e29000 	C:\Program Files\MATLAB\R2012a\bin\win64\libmwblas.dll
0x0000000068df0000 - 0x0000000068e02000 	C:\Program Files\MATLAB\R2012a\bin\win64\libmwbinder.dll
0x0000000068de0000 - 0x0000000068deb000 	C:\Program Files\MATLAB\R2012a\bin\win64\libmwompwrapper.dll
0x0000000064b80000 - 0x0000000064c06000 	C:\Program Files\MATLAB\R2012a\bin\win64\libmwlapack.dll
0x0000000068710000 - 0x0000000068731000 	C:\Program Files\MATLAB\R2012a\bin\win64\m_pcodeio.dll
0x0000000079b10000 - 0x0000000079b77000 	C:\Program Files\MATLAB\R2012a\bin\win64\m_ir.dll
0x0000000064530000 - 0x0000000064b80000 	C:\Program Files\MATLAB\R2012a\bin\win64\m_parser.dll
0x0000000068dc0000 - 0x0000000068dda000 	C:\Program Files\MATLAB\R2012a\bin\win64\ir_xfmr.dll
0x00000000642b0000 - 0x0000000064529000 	C:\Program Files\MATLAB\R2012a\bin\win64\mcos.dll
0x0000000068700000 - 0x000000006870c000 	C:\Program Files\MATLAB\R2012a\bin\win64\mtok.dll
0x00000000685d0000 - 0x0000000068601000 	C:\Program Files\MATLAB\R2012a\bin\win64\m_pcodegen.dll
0x0000000079fb0000 - 0x0000000079fe7000 	C:\Program Files\MATLAB\R2012a\bin\win64\libmwbridge.dll
0x00000000641e0000 - 0x00000000642a8000 	C:\Program Files\MATLAB\R2012a\bin\win64\udd.dll
0x0000000064080000 - 0x00000000641d2000 	C:\Program Files\MATLAB\R2012a\bin\win64\libmwgui.dll
0x00000000686e0000 - 0x00000000686f7000 	C:\Program Files\MATLAB\R2012a\bin\win64\graphics_util.dll
0x00000000636d0000 - 0x0000000064073000 	C:\Program Files\MATLAB\R2012a\bin\win64\hg.dll
0x0000000004b80000 - 0x0000000004be7000 	C:\Program Files\MATLAB\R2012a\bin\win64\libmat.dll
0x0000000072d30000 - 0x0000000072f44000 	C:\Program Files\MATLAB\R2012a\bin\win64\hdf5dll.dll
0x0000000075710000 - 0x00000000757c1000 	C:\Program Files\MATLAB\R2012a\bin\win64\jmi.dll
0x0000000004c20000 - 0x0000000004c2e000 	C:\Program Files\MATLAB\R2012a\bin\win64\nativejava_services.dll
0x0000000063680000 - 0x00000000636c2000 	C:\Program Files\MATLAB\R2012a\bin\win64\libmwhardcopy.dll
0x0000000063620000 - 0x000000006367a000 	C:\Program Files\MATLAB\R2012a\bin\win64\libuij.dll
0x0000000063410000 - 0x000000006361c000 	C:\Program Files\MATLAB\R2012a\bin\win64\hgdatatypes.dll
0x0000000063310000 - 0x000000006340d000 	C:\Program Files\MATLAB\R2012a\bin\win64\hgutils.dll
0x0000000063250000 - 0x000000006330d000 	C:\Program Files\MATLAB\R2012a\bin\win64\udd_mi.dll
0x0000000004c90000 - 0x0000000004ccb000 	C:\Program Files\MATLAB\R2012a\bin\win64\libmwgbtutils.dll
0x0000000004ce0000 - 0x0000000004cf9000 	C:\Program Files\MATLAB\R2012a\bin\win64\libmwgbt.dll
0x0000000004d10000 - 0x0000000004fda000 	C:\Program Files\MATLAB\R2012a\bin\win64\uiw.dll
0x00000000685c0000 - 0x00000000685cf000 	C:\Program Files\MATLAB\R2012a\bin\win64\uinone.dll
0x000007fef9010000 - 0x000007fef9028000 	C:\Windows\system32\MPR.dll
0x0000000062d60000 - 0x0000000063244000 	C:\Windows\WinSxS\amd64_microsoft.vc90.mfc_1fc8b3b9a1e18e3b_9.0.30729.6161_none_044aad0bab1eb146\mfc90.dll
0x000007fefb760000 - 0x000007fefb767000 	C:\Windows\system32\MSIMG32.dll
0x000007fef89c0000 - 0x000007fef8a31000 	C:\Windows\system32\WINSPOOL.DRV
0x00000000685a0000 - 0x00000000685c0000 	C:\Program Files\MATLAB\R2012a\bin\win64\mwoles05.DLL
0x0000000062ce0000 - 0x0000000062d5c000 	C:\Program Files\MATLAB\R2012a\bin\win64\comcli.dll
0x00000000661b0000 - 0x00000000661df000 	C:\Windows\WinSxS\amd64_microsoft.vc90.atl_1fc8b3b9a1e18e3b_9.0.30729.6161_none_0a1fd3a3a768b895\ATL90.DLL
0x0000000062cd0000 - 0x0000000062cdc000 	C:\Program Files\MATLAB\R2012a\bin\win64\mlautoregister.dll
0x0000000005030000 - 0x0000000005040000 	C:\Program Files\MATLAB\R2012a\bin\win64\boost_iostreams-vc90-mt-1_44.dll
0x000007fefdff0000 - 0x000007fefe01e000 	C:\Windows\system32\IMM32.DLL
0x000007feff8b0000 - 0x000007feff9b9000 	C:\Windows\system32\MSCTF.dll
0x000007fefc4c0000 - 0x000007fefc516000 	C:\Windows\system32\UxTheme.dll
0x000007fefbe70000 - 0x000007fefbe88000 	C:\Windows\system32\dwmapi.dll
0x0000000071f60000 - 0x0000000071f6f000 	C:\Windows\WinSxS\amd64_microsoft.vc90.mfcloc_1fc8b3b9a1e18e3b_9.0.30729.6161_none_01c9581e60cbee58\MFC90ITA.DLL
0x00000000052b0000 - 0x00000000052d9000 	C:\Program Files\MATLAB\R2012a\bin\win64\tbbmalloc.dll
0x0000000078870000 - 0x0000000078ecd000 	C:\Program Files\MATLAB\R2012a\sys\java\jre\win64\jre\bin\server\jvm.dll
0x000007fefbf30000 - 0x000007fefbf6b000 	C:\Windows\system32\WINMM.dll
0x000007fefdc00000 - 0x000007fefdc0f000 	C:\Windows\system32\profapi.dll
0x000007fefb140000 - 0x000007fefb167000 	C:\Windows\system32\iphlpapi.dll
0x000007fefb130000 - 0x000007fefb13b000 	C:\Windows\system32\WINNSI.DLL
0x000007fefd2f0000 - 0x000007fefd34b000 	C:\Windows\system32\DNSAPI.dll
0x000007fefaf40000 - 0x000007fefaf58000 	C:\Windows\system32\dhcpcsvc.DLL
0x000007fefae20000 - 0x000007fefae31000 	C:\Windows\system32\dhcpcsvc6.DLL
0x0000000062cc0000 - 0x0000000062cc3000 	C:\Windows\system32\icmp.Dll
0x000007fefdb30000 - 0x000007fefdb3f000 	C:\Windows\system32\CRYPTBASE.dll
0x000007fefdf50000 - 0x000007fefdf86000 	C:\Windows\system32\CFGMGR32.dll
0x000000007a440000 - 0x000000007a44e000 	C:\Program Files\MATLAB\R2012a\sys\java\jre\win64\jre\bin\verify.dll
0x000000007a070000 - 0x000000007a097000 	C:\Program Files\MATLAB\R2012a\sys\java\jre\win64\jre\bin\java.dll
0x000000007a540000 - 0x000000007a54a000 	C:\Program Files\MATLAB\R2012a\sys\java\jre\win64\jre\bin\hpi.dll
0x000000007a370000 - 0x000000007a382000 	C:\Program Files\MATLAB\R2012a\sys\java\jre\win64\jre\bin\zip.dll

VM Arguments:
jvm_args: -Xss512k -XX:PermSize=32m -Xms64m -XX:NewRatio=3 -XX:MaxPermSize=128m -Xmx196m -XX:MaxDirectMemorySize=2147400000 -Dsun.java2d.noddraw=true -Dsun.awt.nopixfmt=true -Xshare:off -Xrs -Dsun.awt.disableMixing=true -Djava.library.path=C:\Program Files\MATLAB\R2012a\bin\win64 vfprintf abort 
java_command: <unknown>
Launcher Type: generic

Environment Variables:
PATH=C:\Program Files (x86)\Intel\iCLS Client\;C:\Program Files\Intel\iCLS Client\;C:\Program Files\Common Files\Microsoft Shared\Windows Live;C:\Program Files (x86)\Common Files\Microsoft Shared\Windows Live;C:\Windows\system32;C:\Windows;C:\Windows\System32\Wbem;C:\Windows\System32\WindowsPowerShell\v1.0\;C:\Program Files (x86)\Windows Live\Shared;C:\Program Files (x86)\Intel\OpenCL SDK\2.0\bin\x86;C:\Program Files (x86)\Intel\OpenCL SDK\2.0\bin\x64;C:\Program Files\Intel\Intel(R) Management Engine Components\DAL;C:\Program Files\Intel\Intel(R) Management Engine Components\IPT;C:\Program Files (x86)\Intel\Intel(R) Management Engine Components\DAL;C:\Program Files (x86)\Intel\Intel(R) Management Engine Components\IPT;C:\Program Files\Java\jdk1.6.0_37\bin;C:\Program Files\MATLAB\R2012a\runtime\win64;C:\Program Files\MATLAB\R2012a\bin
USERNAME=Sergio
OS=Windows_NT
PROCESSOR_IDENTIFIER=Intel64 Family 6 Model 42 Stepping 7, GenuineIntel



---------------  S Y S T E M  ---------------

OS: Windows 7 Build 7601 Service Pack 1

CPU:total 4 (8 cores per cpu, 2 threads per core) family 6 model 42 stepping 7, cmov, cx8, fxsr, mmx, sse, sse2, sse3, ssse3, sse4.1, sse4.2, ht

Memory: 4k page, physical 4092272k(2226448k free), swap 8182692k(6190220k free)

vm_info: Java HotSpot(TM) 64-Bit Server VM (14.3-b01) for windows-amd64 JRE (1.6.0_17-b04), built on Oct 11 2009 00:46:08 by "java_re" with MS VC++ 8.0

time: Sat Dec 29 15:33:46 2012
elapsed time: 14024 seconds

